[11:01:53] [INIT] KubeJS 2001.6.5-build.16; MC 2001 forge
[11:01:53] [INIT] Loaded plugins:
[11:01:53] [INIT] - dev.latvian.mods.kubejs.forge.BuiltinKubeJSForgePlugin
[11:01:53] [INIT] - com.lowdragmc.lowdraglib.kjs.LDLibKubeJSPlugin
[11:01:53] [INIT] - com.almostreliable.lootjs.kube.LootJSPlugin
[11:01:53] [INIT] - dev.latvian.mods.kubejs.create.KubeJSCreatePlugin
[11:01:53] [INIT] - com.momosoftworks.coldsweat.compat.kubejs.KubePlugin
[11:01:53] [INFO] Loaded script server_scripts:example.js in 0.003 s
[11:01:53] [INFO] Loaded 1/1 KubeJS server scripts in 0.025 s with 0 errors and 0 warnings
[11:01:53] [INFO] Scripts loaded
[11:01:53] [INFO] Initializing recipe event...
[11:01:54] [INFO] [minecraft:block] Found 512 tags, added 2 objects, removed 0 objects
[11:01:57] [INFO] Processing recipes...
[11:01:57] [WARN] Failed to parse recipe 'tfmg:crafting/epic_party_light_bulb[minecraft:crafting_shaped]'! Falling back to vanilla: ItemStack 'result' can't be empty!
[11:01:57] [WARN] Failed to parse recipe 'minecraft:soul_campfire[minecraft:crafting_shaped]'! Falling back to vanilla: ItemStack 'result' can't be empty!
[11:01:57] [WARN] Failed to parse recipe 'tfmg:crafting/cast_iron_distillation_output[minecraft:crafting_shaped]'! Falling back to vanilla: ItemStack 'result' can't be empty!
[11:01:57] [WARN] Failed to parse recipe 'tfmg:stonecutting/caution_block[minecraft:stonecutting]'! Falling back to vanilla: ItemStack 'result' can't be empty!
[11:01:57] [WARN] Failed to parse recipe 'create_things_and_misc:copper_scaffolding_craft[minecraft:crafting_shaped]'! Falling back to vanilla: ItemStack 'result' can't be empty!
[11:01:57] [WARN] Failed to parse recipe 'tfmg:crafting/glass_cable_connector[minecraft:crafting_shaped]'! Falling back to vanilla: ItemStack 'result' can't be empty!
[11:01:57] [WARN] Failed to parse recipe 'create_things_and_misc:netheriteportablewithlecraft[minecraft:smithing_transform]'! Falling back to vanilla: Ingredient 'template' can't be empty!
[11:01:57] [WARN] Failed to parse recipe 'tfmg:mechanical_crafting/cast_iron_distillation_controller[create:mechanical_crafting]'! Falling back to vanilla: ItemStack 'result' can't be empty!
[11:01:57] [WARN] Failed to parse recipe 'tfmg:crafting/welding_machine[minecraft:crafting_shaped]'! Falling back to vanilla: ItemStack 'result' can't be empty!
[11:01:57] [WARN] Failed to parse recipe 'tfmg:mechanical_crafting/pumpjack_hammer_holder[create:mechanical_crafting]'! Falling back to vanilla: ItemStack 'result' can't be empty!
[11:01:57] [WARN] Failed to parse recipe 'create_things_and_misc:schematic_chair[minecraft:crafting_shaped]'! Falling back to vanilla: ItemStack 'result' can't be empty!
[11:01:57] [WARN] Failed to parse recipe 'tfmg:stonecutting/caution_blocks/light_blue_caution_block[minecraft:stonecutting]'! Falling back to vanilla: ItemStack 'result' can't be empty!
[11:01:57] [WARN] Failed to parse recipe 'tfmg:crafting/battery[minecraft:crafting_shaped]'! Falling back to vanilla: ItemStack 'result' can't be empty!
[11:01:57] [WARN] Failed to parse recipe 'minecraft:campfire[minecraft:crafting_shaped]'! Falling back to vanilla: ItemStack 'result' can't be empty!
[11:01:57] [INFO] Found 8019 recipes in 156.5 ms
[11:01:57] [INFO] Posted recipe events in 164.5 ms
[11:01:57] [WARN] Error parsing recipe tfmg:colored_concrete/full_block/red_concrete_q[create:item_application]: {"type":"create:item_application","ingredients":[{"item":"tfmg:mesh_concrete"},{"item":"minecraft:red_dye"}],"results":[{"item":"tfmg:red_high_quality_concrete"}]}: Unknown item 'tfmg:mesh_concrete'
[11:01:57] [WARN] Error parsing recipe tfmg:colored_concrete/full_block/orange_concrete_q[create:item_application]: {"type":"create:item_application","ingredients":[{"item":"tfmg:mesh_concrete"},{"item":"minecraft:orange_dye"}],"results":[{"item":"tfmg:orange_high_quality_concrete"}]}: Unknown item 'tfmg:mesh_concrete'
[11:01:57] [WARN] Error parsing recipe tfmg:colored_concrete/full_block/green_concrete_q[create:item_application]: {"type":"create:item_application","ingredients":[{"item":"tfmg:mesh_concrete"},{"item":"minecraft:green_dye"}],"results":[{"item":"tfmg:green_high_quality_concrete"}]}: Unknown item 'tfmg:mesh_concrete'
[11:01:57] [WARN] Error parsing recipe tfmg:colored_concrete/full_block/light_gray_concrete_q[create:item_application]: {"type":"create:item_application","ingredients":[{"item":"tfmg:mesh_concrete"},{"item":"minecraft:light_gray_dye"}],"results":[{"item":"tfmg:light_gray_high_quality_concrete"}]}: Unknown item 'tfmg:mesh_concrete'
[11:01:57] [WARN] Error parsing recipe tfmg:colored_concrete/full_block/gray_concrete_q[create:item_application]: {"type":"create:item_application","ingredients":[{"item":"tfmg:mesh_concrete"},{"item":"minecraft:gray_dye"}],"results":[{"item":"tfmg:gray_high_quality_concrete"}]}: Unknown item 'tfmg:mesh_concrete'
[11:01:57] [WARN] Error parsing recipe tfmg:colored_concrete/full_block/magenta_concrete_q[create:item_application]: {"type":"create:item_application","ingredients":[{"item":"tfmg:mesh_concrete"},{"item":"minecraft:magenta_dye"}],"results":[{"item":"tfmg:magenta_high_quality_concrete"}]}: Unknown item 'tfmg:mesh_concrete'
[11:01:57] [WARN] Error parsing recipe tfmg:colored_concrete/full_block/black_concrete_q[create:item_application]: {"type":"create:item_application","ingredients":[{"item":"tfmg:mesh_concrete"},{"item":"minecraft:black_dye"}],"results":[{"item":"tfmg:black_high_quality_concrete"}]}: Unknown item 'tfmg:mesh_concrete'
[11:01:57] [WARN] Error parsing recipe tfmg:colored_concrete/full_block/blue_concrete_q[create:item_application]: {"type":"create:item_application","ingredients":[{"item":"tfmg:mesh_concrete"},{"item":"minecraft:blue_dye"}],"results":[{"item":"tfmg:blue_high_quality_concrete"}]}: Unknown item 'tfmg:mesh_concrete'
[11:01:57] [WARN] Error parsing recipe tfmg:colored_concrete/full_block/cyan_concrete_q[create:item_application]: {"type":"create:item_application","ingredients":[{"item":"tfmg:mesh_concrete"},{"item":"minecraft:cyan_dye"}],"results":[{"item":"tfmg:cyan_high_quality_concrete"}]}: Unknown item 'tfmg:mesh_concrete'
[11:01:57] [WARN] Error parsing recipe tfmg:colored_concrete/full_block/pink_concrete_q[create:item_application]: {"type":"create:item_application","ingredients":[{"item":"tfmg:mesh_concrete"},{"item":"minecraft:pink_dye"}],"results":[{"item":"tfmg:pink_high_quality_concrete"}]}: Unknown item 'tfmg:mesh_concrete'
[11:01:57] [WARN] Error parsing recipe tfmg:colored_concrete/full_block/white_concrete_q[create:item_application]: {"type":"create:item_application","ingredients":[{"item":"tfmg:mesh_concrete"},{"item":"minecraft:white_dye"}],"results":[{"item":"tfmg:white_high_quality_concrete"}]}: Unknown item 'tfmg:mesh_concrete'
[11:01:57] [WARN] Error parsing recipe tfmg:colored_concrete/full_block/brown_concrete_q[create:item_application]: {"type":"create:item_application","ingredients":[{"item":"tfmg:mesh_concrete"},{"item":"minecraft:brown_dye"}],"results":[{"item":"tfmg:brown_high_quality_concrete"}]}: Unknown item 'tfmg:mesh_concrete'
[11:01:57] [WARN] Error parsing recipe tfmg:colored_concrete/full_block/light_blue_concrete_q[create:item_application]: {"type":"create:item_application","ingredients":[{"item":"tfmg:mesh_concrete"},{"item":"minecraft:light_blue_dye"}],"results":[{"item":"tfmg:light_blue_high_quality_concrete"}]}: Unknown item 'tfmg:mesh_concrete'
[11:01:57] [WARN] Error parsing recipe tfmg:colored_concrete/full_block/yellow_concrete_q[create:item_application]: {"type":"create:item_application","ingredients":[{"item":"tfmg:mesh_concrete"},{"item":"minecraft:yellow_dye"}],"results":[{"item":"tfmg:yellow_high_quality_concrete"}]}: Unknown item 'tfmg:mesh_concrete'
[11:01:57] [WARN] Error parsing recipe tfmg:colored_concrete/full_block/pink_concrete[create:item_application]: {"type":"create:item_application","ingredients":[{"item":"tfmg:mesh_concrete"},{"item":"minecraft:_dye"}],"results":[{"item":"tfmg:_concrete"}]}: Unknown item 'tfmg:mesh_concrete'
[11:01:57] [WARN] Error parsing recipe tfmg:colored_concrete/full_block/lime_concrete_q[create:item_application]: {"type":"create:item_application","ingredients":[{"item":"tfmg:mesh_concrete"},{"item":"minecraft:lime_dye"}],"results":[{"item":"tfmg:lime_high_quality_concrete"}]}: Unknown item 'tfmg:mesh_concrete'
[11:01:57] [WARN] Error parsing recipe tfmg:colored_concrete/full_block/purple_concrete_q[create:item_application]: {"type":"create:item_application","ingredients":[{"item":"tfmg:mesh_concrete"},{"item":"minecraft:purple_dye"}],"results":[{"item":"tfmg:purple_high_quality_concrete"}]}: Unknown item 'tfmg:mesh_concrete'
[11:01:57] [INFO] Added 4 recipes, removed 8 recipes, modified 4 recipes, with 17 failed recipes in 82.78 ms
[11:02:01] [INFO] Server resource reload complete!
